This file contains any messages produced by compilers while
running configure, to aid debugging if configure makes a mistake.

It was created by projet_GL_2014_2015 configure V0.1, which was
generated by GNU Autoconf 2.69.  Invocation command line was

  $ ./configure 

## --------- ##
## Platform. ##
## --------- ##

hostname = saint-loup
uname -m = x86_64
uname -r = 3.17.2-julien.1.0
uname -s = Linux
uname -v = #1 Sat Nov 1 12:17:08 CET 2014

/usr/bin/uname -p = unknown
/bin/uname -X     = unknown

/bin/arch              = unknown
/usr/bin/arch -k       = unknown
/usr/convex/getsysinfo = unknown
/usr/bin/hostinfo      = unknown
/bin/machine           = unknown
/usr/bin/oslevel       = unknown
/bin/universe          = unknown

PATH: /home/julien/.opam/system/bin
PATH: /usr/local/sbin
PATH: /usr/local/bin
PATH: /usr/sbin
PATH: /usr/bin
PATH: /sbin
PATH: /bin
PATH: /usr/games
PATH: /usr/local/games


## ----------- ##
## Core tests. ##
## ----------- ##

configure:1903: checking for g++
configure:1919: found /usr/bin/g++
configure:1930: result: g++
configure:1957: checking for C++ compiler version
configure:1966: g++ --version >&5
g++ (Ubuntu 4.9.1-16ubuntu6) 4.9.1
Copyright (C) 2014 Free Software Foundation, Inc.
This is free software; see the source for copying conditions.  There is NO
warranty; not even for MERCHANTABILITY or FITNESS FOR A PARTICULAR PURPOSE.

configure:1977: $? = 0
configure:1966: g++ -v >&5
Using built-in specs.
COLLECT_GCC=g++
COLLECT_LTO_WRAPPER=/usr/lib/gcc/x86_64-linux-gnu/4.9/lto-wrapper
Target: x86_64-linux-gnu
Configured with: ../src/configure -v --with-pkgversion='Ubuntu 4.9.1-16ubuntu6' --with-bugurl=file:///usr/share/doc/gcc-4.9/README.Bugs --enable-languages=c,c++,java,go,d,fortran,objc,obj-c++ --prefix=/usr --program-suffix=-4.9 --enable-shared --enable-linker-build-id --libexecdir=/usr/lib --without-included-gettext --enable-threads=posix --with-gxx-include-dir=/usr/include/c++/4.9 --libdir=/usr/lib --enable-nls --with-sysroot=/ --enable-clocale=gnu --enable-libstdcxx-debug --enable-libstdcxx-time=yes --enable-gnu-unique-object --disable-vtable-verify --enable-plugin --with-system-zlib --disable-browser-plugin --enable-java-awt=gtk --enable-gtk-cairo --with-java-home=/usr/lib/jvm/java-1.5.0-gcj-4.9-amd64/jre --enable-java-home --with-jvm-root-dir=/usr/lib/jvm/java-1.5.0-gcj-4.9-amd64 --with-jvm-jar-dir=/usr/lib/jvm-exports/java-1.5.0-gcj-4.9-amd64 --with-arch-directory=amd64 --with-ecj-jar=/usr/share/java/eclipse-ecj.jar --enable-objc-gc --enable-multiarch --disable-werror --with-arch-32=i686 --with-abi=m64 --with-multilib-list=m32,m64,mx32 --enable-multilib --with-tune=generic --enable-checking=release --build=x86_64-linux-gnu --host=x86_64-linux-gnu --target=x86_64-linux-gnu
Thread model: posix
gcc version 4.9.1 (Ubuntu 4.9.1-16ubuntu6) 
configure:1977: $? = 0
configure:1966: g++ -V >&5
g++: error: unrecognized command line option '-V'
g++: fatal error: no input files
compilation terminated.
configure:1977: $? = 4
configure:1966: g++ -qversion >&5
g++: error: unrecognized command line option '-qversion'
g++: fatal error: no input files
compilation terminated.
configure:1977: $? = 4
configure:1997: checking whether the C++ compiler works
configure:2019: g++    conftest.cpp  >&5
configure:2023: $? = 0
configure:2071: result: yes
configure:2074: checking for C++ compiler default output file name
configure:2076: result: a.out
configure:2082: checking for suffix of executables
configure:2089: g++ -o conftest    conftest.cpp  >&5
configure:2093: $? = 0
configure:2115: result: 
configure:2137: checking whether we are cross compiling
configure:2145: g++ -o conftest    conftest.cpp  >&5
configure:2149: $? = 0
configure:2156: ./conftest
configure:2160: $? = 0
configure:2175: result: no
configure:2180: checking for suffix of object files
configure:2202: g++ -c   conftest.cpp >&5
configure:2206: $? = 0
configure:2227: result: o
configure:2231: checking whether we are using the GNU C++ compiler
configure:2250: g++ -c   conftest.cpp >&5
configure:2250: $? = 0
configure:2259: result: yes
configure:2268: checking whether g++ accepts -g
configure:2288: g++ -c -g  conftest.cpp >&5
configure:2288: $? = 0
configure:2329: result: yes
configure:2356: checking for gawk
configure:2386: result: no
configure:2356: checking for mawk
configure:2372: found /usr/bin/mawk
configure:2383: result: mawk
configure:2442: checking for gcc
configure:2458: found /usr/bin/gcc
configure:2469: result: gcc
configure:2698: checking for C compiler version
configure:2707: gcc --version >&5
gcc (Ubuntu 4.9.1-16ubuntu6) 4.9.1
Copyright (C) 2014 Free Software Foundation, Inc.
This is free software; see the source for copying conditions.  There is NO
warranty; not even for MERCHANTABILITY or FITNESS FOR A PARTICULAR PURPOSE.

configure:2718: $? = 0
configure:2707: gcc -v >&5
Using built-in specs.
COLLECT_GCC=gcc
COLLECT_LTO_WRAPPER=/usr/lib/gcc/x86_64-linux-gnu/4.9/lto-wrapper
Target: x86_64-linux-gnu
Configured with: ../src/configure -v --with-pkgversion='Ubuntu 4.9.1-16ubuntu6' --with-bugurl=file:///usr/share/doc/gcc-4.9/README.Bugs --enable-languages=c,c++,java,go,d,fortran,objc,obj-c++ --prefix=/usr --program-suffix=-4.9 --enable-shared --enable-linker-build-id --libexecdir=/usr/lib --without-included-gettext --enable-threads=posix --with-gxx-include-dir=/usr/include/c++/4.9 --libdir=/usr/lib --enable-nls --with-sysroot=/ --enable-clocale=gnu --enable-libstdcxx-debug --enable-libstdcxx-time=yes --enable-gnu-unique-object --disable-vtable-verify --enable-plugin --with-system-zlib --disable-browser-plugin --enable-java-awt=gtk --enable-gtk-cairo --with-java-home=/usr/lib/jvm/java-1.5.0-gcj-4.9-amd64/jre --enable-java-home --with-jvm-root-dir=/usr/lib/jvm/java-1.5.0-gcj-4.9-amd64 --with-jvm-jar-dir=/usr/lib/jvm-exports/java-1.5.0-gcj-4.9-amd64 --with-arch-directory=amd64 --with-ecj-jar=/usr/share/java/eclipse-ecj.jar --enable-objc-gc --enable-multiarch --disable-werror --with-arch-32=i686 --with-abi=m64 --with-multilib-list=m32,m64,mx32 --enable-multilib --with-tune=generic --enable-checking=release --build=x86_64-linux-gnu --host=x86_64-linux-gnu --target=x86_64-linux-gnu
Thread model: posix
gcc version 4.9.1 (Ubuntu 4.9.1-16ubuntu6) 
configure:2718: $? = 0
configure:2707: gcc -V >&5
gcc: error: unrecognized command line option '-V'
gcc: fatal error: no input files
compilation terminated.
configure:2718: $? = 4
configure:2707: gcc -qversion >&5
gcc: error: unrecognized command line option '-qversion'
gcc: fatal error: no input files
compilation terminated.
configure:2718: $? = 4
configure:2722: checking whether we are using the GNU C compiler
configure:2741: gcc -c   conftest.c >&5
configure:2741: $? = 0
configure:2750: result: yes
configure:2759: checking whether gcc accepts -g
configure:2779: gcc -c -g  conftest.c >&5
configure:2779: $? = 0
configure:2820: result: yes
configure:2837: checking for gcc option to accept ISO C89
configure:2900: gcc  -c -g -O2  conftest.c >&5
configure:2900: $? = 0
configure:2913: result: none needed
configure:2938: checking how to run the C preprocessor
configure:2969: gcc -E  conftest.c
configure:2969: $? = 0
configure:2983: gcc -E  conftest.c
conftest.c:9:28: fatal error: ac_nonexistent.h: No such file or directory
 #include <ac_nonexistent.h>
                            ^
compilation terminated.
configure:2983: $? = 1
configure: failed program was:
| /* confdefs.h */
| #define PACKAGE_NAME "projet_GL_2014_2015"
| #define PACKAGE_TARNAME "projet_gl_2014_2015"
| #define PACKAGE_VERSION "V0.1"
| #define PACKAGE_STRING "projet_GL_2014_2015 V0.1"
| #define PACKAGE_BUGREPORT "ens-info-genielog@lists.crans.org"
| #define PACKAGE_URL ""
| /* end confdefs.h.  */
| #include <ac_nonexistent.h>
configure:3008: result: gcc -E
configure:3028: gcc -E  conftest.c
configure:3028: $? = 0
configure:3042: gcc -E  conftest.c
conftest.c:9:28: fatal error: ac_nonexistent.h: No such file or directory
 #include <ac_nonexistent.h>
                            ^
compilation terminated.
configure:3042: $? = 1
configure: failed program was:
| /* confdefs.h */
| #define PACKAGE_NAME "projet_GL_2014_2015"
| #define PACKAGE_TARNAME "projet_gl_2014_2015"
| #define PACKAGE_VERSION "V0.1"
| #define PACKAGE_STRING "projet_GL_2014_2015 V0.1"
| #define PACKAGE_BUGREPORT "ens-info-genielog@lists.crans.org"
| #define PACKAGE_URL ""
| /* end confdefs.h.  */
| #include <ac_nonexistent.h>
configure:3113: checking for a BSD-compatible install
configure:3181: result: /usr/bin/install -c
configure:3192: checking whether ln -s works
configure:3196: result: yes
configure:3203: checking whether make sets $(MAKE)
configure:3225: result: yes
configure:3277: checking for ranlib
configure:3293: found /usr/bin/ranlib
configure:3304: result: ranlib
configure:3374: checking for ocamlc
configure:3390: found /usr/bin/ocamlc
configure:3401: result: ocamlc
configure:3426: result: OCaml version is 4.01.0
configure:3435: result: OCaml library path is /usr/lib/ocaml
configure:3485: checking for ocamlopt
configure:3501: found /usr/bin/ocamlopt
configure:3512: result: ocamlopt
configure:3595: checking for ocamlc.opt
configure:3625: result: no
configure:3699: checking for ocamlopt.opt
configure:3729: result: no
configure:3808: checking for ocaml
configure:3824: found /usr/bin/ocaml
configure:3835: result: ocaml
configure:3902: checking for ocamldep
configure:3918: found /usr/bin/ocamldep
configure:3929: result: ocamldep
configure:3996: checking for ocamlmktop
configure:4012: found /usr/bin/ocamlmktop
configure:4023: result: ocamlmktop
configure:4090: checking for ocamlmklib
configure:4106: found /usr/bin/ocamlmklib
configure:4117: result: ocamlmklib
configure:4184: checking for ocamldoc
configure:4200: found /usr/bin/ocamldoc
configure:4211: result: ocamldoc
configure:4278: checking for ocamlbuild
configure:4294: found /usr/bin/ocamlbuild
configure:4305: result: ocamlbuild
configure:4377: checking for ocamlfind
configure:4393: found /home/julien/.opam/system/bin/ocamlfind
configure:4404: result: ocamlfind
configure:4434: checking for OCaml findlib package ocsfml
configure:4442: result: found
configure:4463: checking for OCaml findlib package atdgen
configure:4471: result: found
configure:4493: checking for OCaml findlib package pulseaudio
configure:4501: result: found
configure:4522: checking for OCaml findlib package mm
configure:4530: result: found
configure:4553: checking for OCaml findlib package num
configure:4561: result: found
configure:4582: checking for OCaml findlib package threads
configure:4590: result: found
configure:4761: creating ./config.status

## ---------------------- ##
## Running config.status. ##
## ---------------------- ##

This file was extended by projet_GL_2014_2015 config.status V0.1, which was
generated by GNU Autoconf 2.69.  Invocation command line was

  CONFIG_FILES    = 
  CONFIG_HEADERS  = 
  CONFIG_LINKS    = 
  CONFIG_COMMANDS = 
  $ ./config.status 

on saint-loup

config.status:752: creating Makefile

## ---------------- ##
## Cache variables. ##
## ---------------- ##

ac_cv_c_compiler_gnu=yes
ac_cv_cxx_compiler_gnu=yes
ac_cv_env_CCC_set=
ac_cv_env_CCC_value=
ac_cv_env_CC_set=
ac_cv_env_CC_value=
ac_cv_env_CFLAGS_set=
ac_cv_env_CFLAGS_value=
ac_cv_env_CPPFLAGS_set=
ac_cv_env_CPPFLAGS_value=
ac_cv_env_CPP_set=
ac_cv_env_CPP_value=
ac_cv_env_CXXFLAGS_set=
ac_cv_env_CXXFLAGS_value=
ac_cv_env_CXX_set=
ac_cv_env_CXX_value=
ac_cv_env_LDFLAGS_set=
ac_cv_env_LDFLAGS_value=
ac_cv_env_LIBS_set=
ac_cv_env_LIBS_value=
ac_cv_env_build_alias_set=
ac_cv_env_build_alias_value=
ac_cv_env_host_alias_set=
ac_cv_env_host_alias_value=
ac_cv_env_target_alias_set=
ac_cv_env_target_alias_value=
ac_cv_objext=o
ac_cv_path_install='/usr/bin/install -c'
ac_cv_prog_AWK=mawk
ac_cv_prog_CPP='gcc -E'
ac_cv_prog_ac_ct_CC=gcc
ac_cv_prog_ac_ct_CXX=g++
ac_cv_prog_ac_ct_OCAML=ocaml
ac_cv_prog_ac_ct_OCAMLBUILD=ocamlbuild
ac_cv_prog_ac_ct_OCAMLC=ocamlc
ac_cv_prog_ac_ct_OCAMLDEP=ocamldep
ac_cv_prog_ac_ct_OCAMLDOC=ocamldoc
ac_cv_prog_ac_ct_OCAMLFIND=ocamlfind
ac_cv_prog_ac_ct_OCAMLMKLIB=ocamlmklib
ac_cv_prog_ac_ct_OCAMLMKTOP=ocamlmktop
ac_cv_prog_ac_ct_OCAMLOPT=ocamlopt
ac_cv_prog_ac_ct_RANLIB=ranlib
ac_cv_prog_cc_c89=
ac_cv_prog_cc_g=yes
ac_cv_prog_cxx_g=yes
ac_cv_prog_make_make_set=yes

## ----------------- ##
## Output variables. ##
## ----------------- ##

AWK='mawk'
CC='gcc'
CFLAGS='-g -O2'
CPP='gcc -E'
CPPFLAGS=''
CXX='g++'
CXXFLAGS='-g -O2'
DEFS='-DPACKAGE_NAME=\"projet_GL_2014_2015\" -DPACKAGE_TARNAME=\"projet_gl_2014_2015\" -DPACKAGE_VERSION=\"V0.1\" -DPACKAGE_STRING=\"projet_GL_2014_2015\ V0.1\" -DPACKAGE_BUGREPORT=\"ens-info-genielog@lists.crans.org\" -DPACKAGE_URL=\"\"'
ECHO_C=''
ECHO_N='-n'
ECHO_T=''
EXEEXT=''
INSTALL_DATA='${INSTALL} -m 644'
INSTALL_PROGRAM='${INSTALL}'
INSTALL_SCRIPT='${INSTALL}'
LDFLAGS=''
LIBOBJS=''
LIBS=''
LN_S='ln -s'
LTLIBOBJS=''
OBJEXT='o'
OCAML='ocaml'
OCAMLBEST='opt'
OCAMLBUILD='ocamlbuild'
OCAMLC='ocamlc'
OCAMLCDOTOPT='no'
OCAMLDEP='ocamldep'
OCAMLDOC='ocamldoc'
OCAMLFIND='ocamlfind'
OCAMLLIB='/usr/lib/ocaml'
OCAMLMKLIB='ocamlmklib'
OCAMLMKTOP='ocamlmktop'
OCAMLOPT='ocamlopt'
OCAMLOPTDOTOPT='no'
OCAMLVERSION='4.01.0'
OCAML_PKG_atdgen='atdgen'
OCAML_PKG_mm='mm'
OCAML_PKG_num='num'
OCAML_PKG_ocsfml='ocsfml'
OCAML_PKG_pulseaudio='pulseaudio'
OCAML_PKG_threads='threads'
PACKAGE_BUGREPORT='ens-info-genielog@lists.crans.org'
PACKAGE_NAME='projet_GL_2014_2015'
PACKAGE_STRING='projet_GL_2014_2015 V0.1'
PACKAGE_TARNAME='projet_gl_2014_2015'
PACKAGE_URL=''
PACKAGE_VERSION='V0.1'
PATH_SEPARATOR=':'
RANLIB='ranlib'
SET_MAKE=''
SHELL='/bin/bash'
ac_ct_CC='gcc'
ac_ct_CXX='g++'
bindir='${exec_prefix}/bin'
build_alias=''
datadir='${datarootdir}'
datarootdir='${prefix}/share'
docdir='${datarootdir}/doc/${PACKAGE_TARNAME}'
dvidir='${docdir}'
exec_prefix='${prefix}'
host_alias=''
htmldir='${docdir}'
includedir='${prefix}/include'
infodir='${datarootdir}/info'
libdir='${exec_prefix}/lib'
libexecdir='${exec_prefix}/libexec'
localedir='${datarootdir}/locale'
localstatedir='${prefix}/var'
mandir='${datarootdir}/man'
oldincludedir='/usr/include'
pdfdir='${docdir}'
prefix='/usr/local'
program_transform_name='s,x,x,'
psdir='${docdir}'
sbindir='${exec_prefix}/sbin'
sharedstatedir='${prefix}/com'
sysconfdir='${prefix}/etc'
target_alias=''

## ----------- ##
## confdefs.h. ##
## ----------- ##

/* confdefs.h */
#define PACKAGE_NAME "projet_GL_2014_2015"
#define PACKAGE_TARNAME "projet_gl_2014_2015"
#define PACKAGE_VERSION "V0.1"
#define PACKAGE_STRING "projet_GL_2014_2015 V0.1"
#define PACKAGE_BUGREPORT "ens-info-genielog@lists.crans.org"
#define PACKAGE_URL ""

configure: exit 0
